#! /foss/tools/iverilog/bin/vvp
:ivl_version "13.0 (devel)" "(s20250103-66-gd67d3323-dirty)";
:ivl_delay_selection "TYPICAL";
:vpi_time_precision - 9;
:vpi_module "/foss/tools/iverilog/lib/ivl/system.vpi";
:vpi_module "/foss/tools/iverilog/lib/ivl/vhdl_sys.vpi";
:vpi_module "/foss/tools/iverilog/lib/ivl/vhdl_textio.vpi";
:vpi_module "/foss/tools/iverilog/lib/ivl/v2005_math.vpi";
:vpi_module "/foss/tools/iverilog/lib/ivl/va_math.vpi";
S_0x5744d63ed150 .scope module, "tb_pwm" "tb_pwm" 2 4;
 .timescale -6 -9;
v0x5744d63fe700_0 .var "clk", 0 0;
v0x5744d63fe7d0_0 .var "duty_cycle", 7 0;
v0x5744d63fe8a0_0 .net "pwm", 0 0, v0x5744d63fe5c0_0;  1 drivers
S_0x5744d63ed2e0 .scope module, "uut" "pwm" 2 9, 3 1 0, S_0x5744d63ed150;
 .timescale -6 -9;
    .port_info 0 /INPUT 1 "clk";
    .port_info 1 /INPUT 8 "duty_cycle";
    .port_info 2 /OUTPUT 1 "pwm_o";
v0x5744d63ed530_0 .net "clk", 0 0, v0x5744d63fe700_0;  1 drivers
v0x5744d63fe420_0 .var "clk_cnt", 7 0;
v0x5744d63fe500_0 .net "duty_cycle", 7 0, v0x5744d63fe7d0_0;  1 drivers
v0x5744d63fe5c0_0 .var "pwm_o", 0 0;
E_0x5744d63ec690 .event posedge, v0x5744d63ed530_0;
    .scope S_0x5744d63ed2e0;
T_0 ;
    %pushi/vec4 0, 0, 8;
    %store/vec4 v0x5744d63fe420_0, 0, 8;
    %end;
    .thread T_0;
    .scope S_0x5744d63ed2e0;
T_1 ;
    %wait E_0x5744d63ec690;
    %load/vec4 v0x5744d63fe420_0;
    %addi 1, 0, 8;
    %assign/vec4 v0x5744d63fe420_0, 0;
    %load/vec4 v0x5744d63fe420_0;
    %load/vec4 v0x5744d63fe500_0;
    %cmp/u;
    %flag_get/vec4 5;
    %assign/vec4 v0x5744d63fe5c0_0, 0;
    %jmp T_1;
    .thread T_1;
    .scope S_0x5744d63ed150;
T_2 ;
    %pushi/vec4 0, 0, 1;
    %store/vec4 v0x5744d63fe700_0, 0, 1;
    %pushi/vec4 127, 0, 8;
    %store/vec4 v0x5744d63fe7d0_0, 0, 8;
    %end;
    .thread T_2;
    .scope S_0x5744d63ed150;
T_3 ;
    %delay 1000, 0;
    %load/vec4 v0x5744d63fe700_0;
    %inv;
    %store/vec4 v0x5744d63fe700_0, 0, 1;
    %jmp T_3;
    .thread T_3;
    .scope S_0x5744d63ed150;
T_4 ;
    %vpi_call 2 18 "$dumpfile", "pwm.vcd" {0 0 0};
    %vpi_call 2 19 "$dumpvars", 32'sb00000000000000000000000000000000, S_0x5744d63ed150 {0 0 0};
    %delay 500000, 0;
    %pushi/vec4 170, 0, 8;
    %assign/vec4 v0x5744d63fe7d0_0, 0;
    %delay 500000, 0;
    %vpi_call 2 21 "$finish" {0 0 0};
    %end;
    .thread T_4;
# The file index is used to find the file name in the following table.
:file_names 4;
    "N/A";
    "<interactive>";
    "tb_pwm.v";
    "./../src/pwm.v";
