#! /foss/tools/iverilog/bin/vvp
:ivl_version "13.0 (devel)" "(s20250103-66-gd67d3323-dirty)";
:ivl_delay_selection "TYPICAL";
:vpi_time_precision - 9;
:vpi_module "/foss/tools/iverilog/lib/ivl/system.vpi";
:vpi_module "/foss/tools/iverilog/lib/ivl/vhdl_sys.vpi";
:vpi_module "/foss/tools/iverilog/lib/ivl/vhdl_textio.vpi";
:vpi_module "/foss/tools/iverilog/lib/ivl/v2005_math.vpi";
:vpi_module "/foss/tools/iverilog/lib/ivl/va_math.vpi";
S_0x6529fbfc99e0 .scope module, "tb_tonegen" "tb_tonegen" 2 4;
 .timescale -6 -9;
v0x6529fbfdb890_0 .var "clk", 0 0;
v0x6529fbfdb950_0 .var "enable", 0 0;
v0x6529fbfdba20_0 .net "wave", 0 0, v0x6529fbfdb700_0;  1 drivers
S_0x6529fbfc9b70 .scope module, "uut" "tonegen" 2 10, 3 1 0, S_0x6529fbfc99e0;
 .timescale -6 -9;
    .port_info 0 /INPUT 1 "clk";
    .port_info 1 /INPUT 12 "period";
    .port_info 2 /INPUT 1 "enable";
    .port_info 3 /OUTPUT 1 "wave";
v0x6529fbfc9d50_0 .net "clk", 0 0, v0x6529fbfdb890_0;  1 drivers
v0x6529fbfdb470_0 .var "cnt", 11 0;
v0x6529fbfdb550_0 .net "enable", 0 0, v0x6529fbfdb950_0;  1 drivers
L_0x72f4d33b5018 .functor BUFT 1, C4<000000010100>, C4<0>, C4<0>, C4<0>;
v0x6529fbfdb620_0 .net "period", 11 0, L_0x72f4d33b5018;  1 drivers
v0x6529fbfdb700_0 .var "wave", 0 0;
E_0x6529fbfca1c0 .event posedge, v0x6529fbfc9d50_0;
    .scope S_0x6529fbfc9b70;
T_0 ;
    %pushi/vec4 0, 0, 12;
    %store/vec4 v0x6529fbfdb470_0, 0, 12;
    %end;
    .thread T_0;
    .scope S_0x6529fbfc9b70;
T_1 ;
    %pushi/vec4 0, 0, 1;
    %store/vec4 v0x6529fbfdb700_0, 0, 1;
    %end;
    .thread T_1;
    .scope S_0x6529fbfc9b70;
T_2 ;
    %wait E_0x6529fbfca1c0;
    %load/vec4 v0x6529fbfdb550_0;
    %nor/r;
    %flag_set/vec4 8;
    %jmp/0xz  T_2.0, 8;
    %load/vec4 v0x6529fbfdb620_0;
    %assign/vec4 v0x6529fbfdb470_0, 0;
    %pushi/vec4 0, 0, 1;
    %assign/vec4 v0x6529fbfdb700_0, 0;
    %jmp T_2.1;
T_2.0 ;
    %load/vec4 v0x6529fbfdb470_0;
    %pad/u 32;
    %cmpi/e 0, 0, 32;
    %jmp/0xz  T_2.2, 4;
    %load/vec4 v0x6529fbfdb620_0;
    %assign/vec4 v0x6529fbfdb470_0, 0;
    %load/vec4 v0x6529fbfdb700_0;
    %inv;
    %assign/vec4 v0x6529fbfdb700_0, 0;
    %jmp T_2.3;
T_2.2 ;
    %load/vec4 v0x6529fbfdb470_0;
    %subi 1, 0, 12;
    %assign/vec4 v0x6529fbfdb470_0, 0;
T_2.3 ;
T_2.1 ;
    %jmp T_2;
    .thread T_2;
    .scope S_0x6529fbfc99e0;
T_3 ;
    %pushi/vec4 0, 0, 1;
    %store/vec4 v0x6529fbfdb890_0, 0, 1;
    %pushi/vec4 1, 0, 1;
    %store/vec4 v0x6529fbfdb950_0, 0, 1;
    %end;
    .thread T_3;
    .scope S_0x6529fbfc99e0;
T_4 ;
    %delay 1000, 0;
    %load/vec4 v0x6529fbfdb890_0;
    %inv;
    %store/vec4 v0x6529fbfdb890_0, 0, 1;
    %jmp T_4;
    .thread T_4;
    .scope S_0x6529fbfc99e0;
T_5 ;
    %vpi_call 2 19 "$dumpfile", "tonegen.vcd" {0 0 0};
    %vpi_call 2 20 "$dumpvars", 32'sb00000000000000000000000000000000, S_0x6529fbfc99e0 {0 0 0};
    %delay 5000000, 0;
    %vpi_call 2 21 "$finish" {0 0 0};
    %end;
    .thread T_5;
# The file index is used to find the file name in the following table.
:file_names 4;
    "N/A";
    "<interactive>";
    "tb_tonegen.v";
    "./../src/tonegen.v";
